<?xml version="1.0" encoding="UTF-8"?>
<!-- Generated by org.testng.reporters.JUnitXMLReporter -->
<testsuite ignored="0" hostname="UIDeveloper" failures="1" tests="1" name="Default test(failed)" time="224.876" errors="0" timestamp="2022-06-09T17:19:42 IST">
  <testcase classname="old_Claim.Register_old_ifr_Apprvd" name="Registerold" time="194.181">
    <failure type="org.openqa.selenium.ElementNotInteractableException" message="element not interactable
  (Session info: MicrosoftEdge=102.0.1245.33)
Build info: version: &amp;apos;4.1.4&amp;apos;, revision: &amp;apos;535d840ee2&amp;apos;
System info: host: &amp;apos;UIDEVELOPER&amp;apos;, ip: &amp;apos;192.168.5.41&amp;apos;, os.name: &amp;apos;Windows 10&amp;apos;, os.arch: &amp;apos;amd64&amp;apos;, os.version: &amp;apos;10.0&amp;apos;, java.version: &amp;apos;17.0.2&amp;apos;
Driver info: org.openqa.selenium.edge.EdgeDriver
Command: [fd1fd8729d68095302bbbb5f849255d0, clickElement {id=4ddef02b-2ccd-4dfe-8e4d-cc3b0089f416}]
Capabilities {acceptInsecureCerts: false, browserName: msedge, browserVersion: 102.0.1245.33, javascriptEnabled: true, ms:edgeOptions: {debuggerAddress: localhost:56204}, msedge: {msedgedriverVersion: 101.0.1210.53 (019dbf6dd738..., userDataDir: C:\Users\niting\AppData\Loc...}, networkConnectionEnabled: false, pageLoadStrategy: normal, platform: WINDOWS, platformName: WINDOWS, proxy: Proxy(), se:cdp: ws://localhost:56204/devtoo..., se:cdpVersion: 102.0.1245.33, setWindowRect: true, strictFileInteractability: false, timeouts: {implicit: 0, pageLoad: 300000, script: 30000}, unhandledPromptBehavior: dismiss and notify, webauthn:extension:credBlob: true, webauthn:extension:largeBlob: true, webauthn:virtualAuthenticators: true}
Element: [[EdgeDriver: msedge on WINDOWS (fd1fd8729d68095302bbbb5f849255d0)] -&amp;gt; xpath: //*[@id=&amp;quot;ConfirmModal&amp;quot;]/div/div/div[2]/button[2]]
Session ID: fd1fd8729d68095302bbbb5f849255d0">
      <![CDATA[org.openqa.selenium.ElementNotInteractableException: element not interactable
  (Session info: MicrosoftEdge=102.0.1245.33)
Build info: version: '4.1.4', revision: '535d840ee2'
System info: host: 'UIDEVELOPER', ip: '192.168.5.41', os.name: 'Windows 10', os.arch: 'amd64', os.version: '10.0', java.version: '17.0.2'
Driver info: org.openqa.selenium.edge.EdgeDriver
Command: [fd1fd8729d68095302bbbb5f849255d0, clickElement {id=4ddef02b-2ccd-4dfe-8e4d-cc3b0089f416}]
Capabilities {acceptInsecureCerts: false, browserName: msedge, browserVersion: 102.0.1245.33, javascriptEnabled: true, ms:edgeOptions: {debuggerAddress: localhost:56204}, msedge: {msedgedriverVersion: 101.0.1210.53 (019dbf6dd738..., userDataDir: C:\Users\niting\AppData\Loc...}, networkConnectionEnabled: false, pageLoadStrategy: normal, platform: WINDOWS, platformName: WINDOWS, proxy: Proxy(), se:cdp: ws://localhost:56204/devtoo..., se:cdpVersion: 102.0.1245.33, setWindowRect: true, strictFileInteractability: false, timeouts: {implicit: 0, pageLoad: 300000, script: 30000}, unhandledPromptBehavior: dismiss and notify, webauthn:extension:credBlob: true, webauthn:extension:largeBlob: true, webauthn:virtualAuthenticators: true}
Element: [[EdgeDriver: msedge on WINDOWS (fd1fd8729d68095302bbbb5f849255d0)] -> xpath: //*[@id="ConfirmModal"]/div/div/div[2]/button[2]]
Session ID: fd1fd8729d68095302bbbb5f849255d0
at org.openqa.selenium.remote.codec.w3c.W3CHttpResponseCodec.createException(W3CHttpResponseCodec.java:200)
at org.openqa.selenium.remote.codec.w3c.W3CHttpResponseCodec.decode(W3CHttpResponseCodec.java:133)
at org.openqa.selenium.remote.codec.w3c.W3CHttpResponseCodec.decode(W3CHttpResponseCodec.java:53)
at org.openqa.selenium.remote.HttpCommandExecutor.execute(HttpCommandExecutor.java:184)
at org.openqa.selenium.remote.service.DriverCommandExecutor.invokeExecute(DriverCommandExecutor.java:167)
at org.openqa.selenium.remote.service.DriverCommandExecutor.execute(DriverCommandExecutor.java:142)
at org.openqa.selenium.remote.RemoteWebDriver.execute(RemoteWebDriver.java:567)
at org.openqa.selenium.remote.RemoteWebElement.execute(RemoteWebElement.java:251)
at org.openqa.selenium.remote.RemoteWebElement.click(RemoteWebElement.java:77)
at old_Claim.Register_old_ifr_Apprvd.Registerold(Register_old_ifr_Apprvd.java:241)
at java.base/java.util.ArrayList.forEach(ArrayList.java:1511)
... Removed 32 stack frames]]>
    </failure>
  </testcase> <!-- Registerold -->
</testsuite> <!-- Default test(failed) -->
