<?xml version="1.0" encoding="UTF-8"?>
<!-- Generated by org.testng.reporters.JUnitXMLReporter -->
<testsuite ignored="0" hostname="UIDeveloper" failures="0" tests="7" name="Default test" time="69.326" errors="0" timestamp="2022-09-27T16:53:35 IST">
  <testcase classname="NewClaimant.CFRregister" name="Driversetup" time="4.587"/>
  <testcase classname="NewClaimant.CFRregister" name="loginvfrc" time="25.359"/>
  <testcase classname="NewClaimant.CFRregister" name="ClaimDetails" time="6.818"/>
  <testcase classname="NewClaimant.CFRregister" name="Areadetails" time="9.124"/>
  <testcase classname="NewClaimant.CFRregister" name="BasicDetails" time="12.456"/>
  <testcase classname="NewClaimant.CFRregister" name="OtherDetails" time="3.529"/>
  <testcase classname="NewClaimant.CFRregister" name="CreateCase" time="7.36"/>
</testsuite> <!-- Default test -->
