<?xml version="1.0" encoding="UTF-8"?>
<!-- Generated by org.testng.reporters.JUnitXMLReporter -->
<testsuite ignored="1" hostname="UIDeveloper" failures="1" tests="1" name="Default test(failed)(failed)" time="0.042" errors="0" timestamp="2022-08-23T17:24:29 IST">
  <testcase classname="NewClaimant.ClaimantRegis" name="Managedriver" time="0.007">
    <failure type="java.lang.NullPointerException" message="Cannot invoke &amp;quot;org.openqa.selenium.WebDriver.manage()&amp;quot; because &amp;quot;this.d&amp;quot; is null">
      <![CDATA[java.lang.NullPointerException: Cannot invoke "org.openqa.selenium.WebDriver.manage()" because "this.d" is null
at NewClaimant.ClaimantRegis.Managedriver(ClaimantRegis.java:28)
at java.base/java.util.ArrayList.forEach(ArrayList.java:1511)
... Removed 27 stack frames]]>
    </failure>
  </testcase> <!-- Managedriver -->
  <testcase classname="NewClaimant.ClaimantRegis" name="registration" time="0.0">
    <ignored/>
  </testcase> <!-- registration -->
</testsuite> <!-- Default test(failed)(failed) -->
