<?xml version="1.0" encoding="UTF-8"?>
<testng-results ignored="0" total="1" passed="1" failed="0" skipped="0">
  <reporter-output>
  </reporter-output>
  <suite started-at="2022-05-26T17:17:31 IST" name="Default suite" finished-at="2022-05-26T17:18:48 IST" duration-ms="77227">
    <groups>
    </groups>
    <test started-at="2022-05-26T17:17:31 IST" name="Default test" finished-at="2022-05-26T17:18:48 IST" duration-ms="77227">
      <class name="old_Claim.Upload_old_IFR_Claim">
        <test-method is-config="true" signature="setup()[pri:0, instance:old_Claim.Upload_old_IFR_Claim@7e7be63f]" started-at="2022-05-26T17:17:31 IST" name="setup" finished-at="2022-05-26T17:18:21 IST" duration-ms="49490" status="PASS">
          <reporter-output>
          </reporter-output>
        </test-method> <!-- setup -->
        <test-method signature="Uploadold()[pri:0, instance:old_Claim.Upload_old_IFR_Claim@7e7be63f]" started-at="2022-05-26T17:18:21 IST" name="Uploadold" finished-at="2022-05-26T17:18:48 IST" duration-ms="27691" status="PASS">
          <reporter-output>
          </reporter-output>
        </test-method> <!-- Uploadold -->
      </class> <!-- old_Claim.Upload_old_IFR_Claim -->
    </test> <!-- Default test -->
  </suite> <!-- Default suite -->
</testng-results>
