<?xml version="1.0" encoding="UTF-8"?>
<testng-results ignored="0" total="1" passed="1" failed="0" skipped="0">
  <reporter-output>
  </reporter-output>
  <suite started-at="2022-05-31T16:42:34 IST" name="Default suite" finished-at="2022-05-31T16:43:43 IST" duration-ms="68856">
    <groups>
    </groups>
    <test started-at="2022-05-31T16:42:34 IST" name="Default test" finished-at="2022-05-31T16:43:43 IST" duration-ms="68856">
      <class name="old_Claim.Areadetails">
        <test-method is-config="true" signature="setup()[pri:0, instance:old_Claim.Areadetails@6cd28fa7]" started-at="2022-05-31T16:42:34 IST" name="setup" finished-at="2022-05-31T16:43:15 IST" duration-ms="41196" status="PASS">
          <reporter-output>
          </reporter-output>
        </test-method> <!-- setup -->
        <test-method signature="Registerold()[pri:0, instance:old_Claim.Areadetails@6cd28fa7]" started-at="2022-05-31T16:43:15 IST" name="Registerold" finished-at="2022-05-31T16:43:43 IST" duration-ms="27625" status="PASS">
          <reporter-output>
          </reporter-output>
        </test-method> <!-- Registerold -->
      </class> <!-- old_Claim.Areadetails -->
    </test> <!-- Default test -->
  </suite> <!-- Default suite -->
</testng-results>
